
*** Running vivado
    with args -log fir.vds -m64 -product Vivado -mode batch -messageDb vivado.pb -notrace -source fir.tcl



****** Vivado v2022.1 (64-bit)
  **** SW Build 3526262 on Mon Apr 18 15:48:16 MDT 2022
  **** IP Build 3524634 on Mon Apr 18 20:55:01 MDT 2022
    ** Copyright 1986-2022 Xilinx, Inc. All Rights Reserved.

source fir.tcl -notrace
Command: read_checkpoint -auto_incremental -incremental C:/Users/Jian-You/Desktop/Alex_soc/Lab3/project_1/project_1.srcs/utils_1/imports/synth_1/fir.dcp
INFO: [Vivado 12-5825] Read reference checkpoint from C:/Users/Jian-You/Desktop/Alex_soc/Lab3/project_1/project_1.srcs/utils_1/imports/synth_1/fir.dcp for incremental synthesis
INFO: [Vivado 12-7989] Please ensure there are no constraint changes
Command: synth_design -top fir -part xc7z020clg400-1
Starting synth_design
Attempting to get a license for feature 'Synthesis' and/or device 'xc7z020'
INFO: [Common 17-349] Got license for feature 'Synthesis' and/or device 'xc7z020'
INFO: [Device 21-403] Loading part xc7z020clg400-1
INFO: [Designutils 20-5440] No compile time benefit to using incremental synthesis; A full resynthesis will be run
INFO: [Designutils 20-4379] Flow is switching to default flow due to incremental criteria not met. If you would like to alter this behaviour and have the flow terminate instead, please set the following parameter config_implementation {autoIncr.Synth.RejectBehavior Terminate}
INFO: [Synth 8-7079] Multithreading enabled for synth_design using a maximum of 2 processes.
INFO: [Synth 8-7078] Launching helper process for spawning children vivado processes
INFO: [Synth 8-7075] Helper process launched with PID 14056
WARNING: [Synth 8-9889] parameter declaration is not allowed here in this mode of verilog [C:/Users/Jian-You/Desktop/Alex_soc/Lab3/project_1/project_1.srcs/sources_1/imports/Lab3/fir.v:89]
WARNING: [Synth 8-9889] parameter declaration is not allowed here in this mode of verilog [C:/Users/Jian-You/Desktop/Alex_soc/Lab3/project_1/project_1.srcs/sources_1/imports/Lab3/fir.v:90]
WARNING: [Synth 8-9889] parameter declaration is not allowed here in this mode of verilog [C:/Users/Jian-You/Desktop/Alex_soc/Lab3/project_1/project_1.srcs/sources_1/imports/Lab3/fir.v:91]
WARNING: [Synth 8-9889] parameter declaration is not allowed here in this mode of verilog [C:/Users/Jian-You/Desktop/Alex_soc/Lab3/project_1/project_1.srcs/sources_1/imports/Lab3/fir.v:92]
WARNING: [Synth 8-9889] parameter declaration is not allowed here in this mode of verilog [C:/Users/Jian-You/Desktop/Alex_soc/Lab3/project_1/project_1.srcs/sources_1/imports/Lab3/fir.v:93]
WARNING: [Synth 8-9889] parameter declaration is not allowed here in this mode of verilog [C:/Users/Jian-You/Desktop/Alex_soc/Lab3/project_1/project_1.srcs/sources_1/imports/Lab3/fir.v:94]
WARNING: [Synth 8-9889] parameter declaration is not allowed here in this mode of verilog [C:/Users/Jian-You/Desktop/Alex_soc/Lab3/project_1/project_1.srcs/sources_1/imports/Lab3/fir.v:96]
WARNING: [Synth 8-9889] parameter declaration is not allowed here in this mode of verilog [C:/Users/Jian-You/Desktop/Alex_soc/Lab3/project_1/project_1.srcs/sources_1/imports/Lab3/fir.v:97]
WARNING: [Synth 8-6901] identifier 'bram_w_counter' is used before its declaration [C:/Users/Jian-You/Desktop/Alex_soc/Lab3/project_1/project_1.srcs/sources_1/imports/Lab3/fir.v:211]
WARNING: [Synth 8-6901] identifier 'data_A_old' is used before its declaration [C:/Users/Jian-You/Desktop/Alex_soc/Lab3/project_1/project_1.srcs/sources_1/imports/Lab3/fir.v:219]
---------------------------------------------------------------------------------
Starting RTL Elaboration : Time (s): cpu = 00:00:05 ; elapsed = 00:00:05 . Memory (MB): peak = 1636.961 ; gain = 0.000
---------------------------------------------------------------------------------
INFO: [Synth 8-6157] synthesizing module 'fir' [C:/Users/Jian-You/Desktop/Alex_soc/Lab3/project_1/project_1.srcs/sources_1/imports/Lab3/fir.v:1]
INFO: [Synth 8-6157] synthesizing module 'fir_1a1m' [C:/Users/Jian-You/Desktop/Alex_soc/Lab3/project_1/project_1.srcs/sources_1/imports/Desktop/fir_1a1m.v:1]
INFO: [Synth 8-6155] done synthesizing module 'fir_1a1m' (0#1) [C:/Users/Jian-You/Desktop/Alex_soc/Lab3/project_1/project_1.srcs/sources_1/imports/Desktop/fir_1a1m.v:1]
INFO: [Synth 8-6155] done synthesizing module 'fir' (0#1) [C:/Users/Jian-You/Desktop/Alex_soc/Lab3/project_1/project_1.srcs/sources_1/imports/Lab3/fir.v:1]
WARNING: [Synth 8-6014] Unused sequential element genblk1.axilite_reg_addr_reg was removed.  [C:/Users/Jian-You/Desktop/Alex_soc/Lab3/project_1/project_1.srcs/sources_1/imports/Lab3/fir.v:387]
WARNING: [Synth 8-6014] Unused sequential element genblk1.axilite_reg_data_reg was removed.  [C:/Users/Jian-You/Desktop/Alex_soc/Lab3/project_1/project_1.srcs/sources_1/imports/Lab3/fir.v:419]
WARNING: [Synth 8-7129] Port wdata[31] in module fir is either unconnected or has no load
WARNING: [Synth 8-7129] Port araddr[11] in module fir is either unconnected or has no load
WARNING: [Synth 8-7129] Port araddr[10] in module fir is either unconnected or has no load
WARNING: [Synth 8-7129] Port araddr[9] in module fir is either unconnected or has no load
WARNING: [Synth 8-7129] Port araddr[8] in module fir is either unconnected or has no load
WARNING: [Synth 8-7129] Port araddr[7] in module fir is either unconnected or has no load
WARNING: [Synth 8-7129] Port ss_tvalid in module fir is either unconnected or has no load
WARNING: [Synth 8-7129] Port ss_tlast in module fir is either unconnected or has no load
WARNING: [Synth 8-7129] Port sm_tready in module fir is either unconnected or has no load
---------------------------------------------------------------------------------
Finished RTL Elaboration : Time (s): cpu = 00:00:07 ; elapsed = 00:00:07 . Memory (MB): peak = 1743.168 ; gain = 106.207
---------------------------------------------------------------------------------
---------------------------------------------------------------------------------
Start Handling Custom Attributes
---------------------------------------------------------------------------------
---------------------------------------------------------------------------------
Finished Handling Custom Attributes : Time (s): cpu = 00:00:07 ; elapsed = 00:00:07 . Memory (MB): peak = 1743.168 ; gain = 106.207
---------------------------------------------------------------------------------
---------------------------------------------------------------------------------
Finished RTL Optimization Phase 1 : Time (s): cpu = 00:00:07 ; elapsed = 00:00:07 . Memory (MB): peak = 1743.168 ; gain = 106.207
---------------------------------------------------------------------------------
Netlist sorting complete. Time (s): cpu = 00:00:00 ; elapsed = 00:00:00.076 . Memory (MB): peak = 1743.168 ; gain = 0.000
INFO: [Project 1-570] Preparing netlist for logic optimization

Processing XDC Constraints
Initializing timing engine
Parsing XDC File [C:/Users/Jian-You/Desktop/Alex_soc/Lab3/project_1/project_1.srcs/constrs_1/new/const.xdc]
Finished Parsing XDC File [C:/Users/Jian-You/Desktop/Alex_soc/Lab3/project_1/project_1.srcs/constrs_1/new/const.xdc]
Completed Processing XDC Constraints

Netlist sorting complete. Time (s): cpu = 00:00:00 ; elapsed = 00:00:00 . Memory (MB): peak = 1813.543 ; gain = 0.000
INFO: [Project 1-111] Unisim Transformation Summary:
No Unisim elements were transformed.

Constraint Validation Runtime : Time (s): cpu = 00:00:00 ; elapsed = 00:00:00.026 . Memory (MB): peak = 1813.543 ; gain = 0.000
INFO: [Designutils 20-5440] No compile time benefit to using incremental synthesis; A full resynthesis will be run
INFO: [Designutils 20-4379] Flow is switching to default flow due to incremental criteria not met. If you would like to alter this behaviour and have the flow terminate instead, please set the following parameter config_implementation {autoIncr.Synth.RejectBehavior Terminate}
---------------------------------------------------------------------------------
Finished Constraint Validation : Time (s): cpu = 00:00:15 ; elapsed = 00:00:15 . Memory (MB): peak = 1813.543 ; gain = 176.582
---------------------------------------------------------------------------------
---------------------------------------------------------------------------------
Start Loading Part and Timing Information
---------------------------------------------------------------------------------
Loading part: xc7z020clg400-1
---------------------------------------------------------------------------------
Finished Loading Part and Timing Information : Time (s): cpu = 00:00:15 ; elapsed = 00:00:15 . Memory (MB): peak = 1813.543 ; gain = 176.582
---------------------------------------------------------------------------------
---------------------------------------------------------------------------------
Start Applying 'set_property' XDC Constraints
---------------------------------------------------------------------------------
---------------------------------------------------------------------------------
Finished applying 'set_property' XDC Constraints : Time (s): cpu = 00:00:15 ; elapsed = 00:00:15 . Memory (MB): peak = 1813.543 ; gain = 176.582
---------------------------------------------------------------------------------
WARNING: [Synth 8-327] inferring latch for variable 'genblk1.fir_ns_reg' [C:/Users/Jian-You/Desktop/Alex_soc/Lab3/project_1/project_1.srcs/sources_1/imports/Lab3/fir.v:121]
---------------------------------------------------------------------------------
Finished RTL Optimization Phase 2 : Time (s): cpu = 00:00:19 ; elapsed = 00:00:20 . Memory (MB): peak = 1813.543 ; gain = 176.582
---------------------------------------------------------------------------------
---------------------------------------------------------------------------------
Start RTL Component Statistics 
---------------------------------------------------------------------------------
Detailed RTL Component Info : 
+---Adders : 
	   2 Input   12 Bit       Adders := 2     
	   2 Input    7 Bit       Adders := 1     
	   2 Input    4 Bit       Adders := 1     
	   2 Input    2 Bit       Adders := 1     
+---Registers : 
	               32 Bit    Registers := 3     
	               12 Bit    Registers := 1     
	                8 Bit    Registers := 128   
	                4 Bit    Registers := 3     
	                3 Bit    Registers := 1     
	                2 Bit    Registers := 1     
	                1 Bit    Registers := 9     
+---Multipliers : 
	              32x32  Multipliers := 1     
+---Muxes : 
	   2 Input   32 Bit        Muxes := 1     
	   2 Input   12 Bit        Muxes := 4     
	   4 Input    8 Bit        Muxes := 69    
	   2 Input    8 Bit        Muxes := 132   
	   2 Input    4 Bit        Muxes := 2     
	   2 Input    3 Bit        Muxes := 3     
	   4 Input    3 Bit        Muxes := 1     
	   4 Input    2 Bit        Muxes := 6     
	   2 Input    2 Bit        Muxes := 1     
	   2 Input    1 Bit        Muxes := 143   
	   4 Input    1 Bit        Muxes := 126   
---------------------------------------------------------------------------------
Finished RTL Component Statistics 
---------------------------------------------------------------------------------
---------------------------------------------------------------------------------
Start Part Resource Summary
---------------------------------------------------------------------------------
Part Resources:
DSPs: 220 (col length:60)
BRAMs: 280 (col length: RAMB18 60 RAMB36 30)
---------------------------------------------------------------------------------
Finished Part Resource Summary
---------------------------------------------------------------------------------
---------------------------------------------------------------------------------
Start Cross Boundary and Area Optimization
---------------------------------------------------------------------------------
WARNING: [Synth 8-7080] Parallel synthesis criteria is not met
DSP Report: Generating DSP y1, operation Mode is: A*B.
DSP Report: operator y1 is absorbed into DSP y1.
DSP Report: operator y1 is absorbed into DSP y1.
DSP Report: Generating DSP y1, operation Mode is: (PCIN>>17)+A*B.
DSP Report: operator y1 is absorbed into DSP y1.
DSP Report: operator y1 is absorbed into DSP y1.
DSP Report: Generating DSP y1, operation Mode is: A*B.
DSP Report: operator y1 is absorbed into DSP y1.
DSP Report: operator y1 is absorbed into DSP y1.
DSP Report: Generating DSP y1, operation Mode is: (PCIN>>17)+A*B.
DSP Report: operator y1 is absorbed into DSP y1.
DSP Report: operator y1 is absorbed into DSP y1.
WARNING: [Synth 8-7129] Port wdata[31] in module fir is either unconnected or has no load
WARNING: [Synth 8-7129] Port araddr[11] in module fir is either unconnected or has no load
WARNING: [Synth 8-7129] Port araddr[10] in module fir is either unconnected or has no load
WARNING: [Synth 8-7129] Port araddr[9] in module fir is either unconnected or has no load
WARNING: [Synth 8-7129] Port araddr[8] in module fir is either unconnected or has no load
WARNING: [Synth 8-7129] Port araddr[7] in module fir is either unconnected or has no load
WARNING: [Synth 8-7129] Port ss_tvalid in module fir is either unconnected or has no load
WARNING: [Synth 8-7129] Port ss_tlast in module fir is either unconnected or has no load
WARNING: [Synth 8-7129] Port sm_tready in module fir is either unconnected or has no load
---------------------------------------------------------------------------------
Finished Cross Boundary and Area Optimization : Time (s): cpu = 00:00:31 ; elapsed = 00:00:32 . Memory (MB): peak = 1813.543 ; gain = 176.582
---------------------------------------------------------------------------------
---------------------------------------------------------------------------------
Start ROM, RAM, DSP, Shift Register and Retiming Reporting
---------------------------------------------------------------------------------

DSP: Preliminary Mapping Report (see note below. The ' indicates corresponding REG is set)
+------------+----------------+--------+--------+--------+--------+--------+------+------+------+------+-------+------+------+
|Module Name | DSP Mapping    | A Size | B Size | C Size | D Size | P Size | AREG | BREG | CREG | DREG | ADREG | MREG | PREG | 
+------------+----------------+--------+--------+--------+--------+--------+------+------+------+------+-------+------+------+
|fir_1a1m    | A*B            | 18     | 16     | -      | -      | 48     | 0    | 0    | -    | -    | -     | 0    | 0    | 
|fir_1a1m    | (PCIN>>17)+A*B | 16     | 16     | -      | -      | 48     | 0    | 0    | -    | -    | -     | 0    | 0    | 
|fir_1a1m    | A*B            | 18     | 18     | -      | -      | 48     | 0    | 0    | -    | -    | -     | 0    | 0    | 
|fir_1a1m    | (PCIN>>17)+A*B | 18     | 16     | -      | -      | 48     | 0    | 0    | -    | -    | -     | 0    | 0    | 
+------------+----------------+--------+--------+--------+--------+--------+------+------+------+------+-------+------+------+

Note: The table above is a preliminary report that shows the DSPs inferred at the current stage of the synthesis flow. Some DSP may be reimplemented as non DSP primitives later in the synthesis flow. Multiple instantiated DSPs are reported only once.
---------------------------------------------------------------------------------
Finished ROM, RAM, DSP, Shift Register and Retiming Reporting
---------------------------------------------------------------------------------
---------------------------------------------------------------------------------
Start Applying XDC Timing Constraints
---------------------------------------------------------------------------------
---------------------------------------------------------------------------------
Finished Applying XDC Timing Constraints : Time (s): cpu = 00:00:39 ; elapsed = 00:00:40 . Memory (MB): peak = 1813.543 ; gain = 176.582
---------------------------------------------------------------------------------
---------------------------------------------------------------------------------
Start Timing Optimization
---------------------------------------------------------------------------------
---------------------------------------------------------------------------------
Finished Timing Optimization : Time (s): cpu = 00:00:47 ; elapsed = 00:00:48 . Memory (MB): peak = 1999.066 ; gain = 362.105
---------------------------------------------------------------------------------
---------------------------------------------------------------------------------
Start Technology Mapping
---------------------------------------------------------------------------------
WARNING: [Synth 8-3332] Sequential element (genblk1.fir_ns_reg[2]) is unused and will be removed from module fir.
---------------------------------------------------------------------------------
Finished Technology Mapping : Time (s): cpu = 00:00:49 ; elapsed = 00:00:50 . Memory (MB): peak = 2008.133 ; gain = 371.172
---------------------------------------------------------------------------------
---------------------------------------------------------------------------------
Start IO Insertion
---------------------------------------------------------------------------------
---------------------------------------------------------------------------------
Start Flattening Before IO Insertion
---------------------------------------------------------------------------------
---------------------------------------------------------------------------------
Finished Flattening Before IO Insertion
---------------------------------------------------------------------------------
---------------------------------------------------------------------------------
Start Final Netlist Cleanup
---------------------------------------------------------------------------------
---------------------------------------------------------------------------------
Finished Final Netlist Cleanup
---------------------------------------------------------------------------------
---------------------------------------------------------------------------------
Finished IO Insertion : Time (s): cpu = 00:00:53 ; elapsed = 00:00:54 . Memory (MB): peak = 2008.133 ; gain = 371.172
---------------------------------------------------------------------------------
---------------------------------------------------------------------------------
Start Renaming Generated Instances
---------------------------------------------------------------------------------
---------------------------------------------------------------------------------
Finished Renaming Generated Instances : Time (s): cpu = 00:00:53 ; elapsed = 00:00:54 . Memory (MB): peak = 2008.133 ; gain = 371.172
---------------------------------------------------------------------------------
---------------------------------------------------------------------------------
Start Rebuilding User Hierarchy
---------------------------------------------------------------------------------
---------------------------------------------------------------------------------
Finished Rebuilding User Hierarchy : Time (s): cpu = 00:00:53 ; elapsed = 00:00:55 . Memory (MB): peak = 2008.133 ; gain = 371.172
---------------------------------------------------------------------------------
---------------------------------------------------------------------------------
Start Renaming Generated Ports
---------------------------------------------------------------------------------
---------------------------------------------------------------------------------
Finished Renaming Generated Ports : Time (s): cpu = 00:00:53 ; elapsed = 00:00:55 . Memory (MB): peak = 2008.133 ; gain = 371.172
---------------------------------------------------------------------------------
---------------------------------------------------------------------------------
Start Handling Custom Attributes
---------------------------------------------------------------------------------
---------------------------------------------------------------------------------
Finished Handling Custom Attributes : Time (s): cpu = 00:00:54 ; elapsed = 00:00:55 . Memory (MB): peak = 2008.133 ; gain = 371.172
---------------------------------------------------------------------------------
---------------------------------------------------------------------------------
Start Renaming Generated Nets
---------------------------------------------------------------------------------
---------------------------------------------------------------------------------
Finished Renaming Generated Nets : Time (s): cpu = 00:00:54 ; elapsed = 00:00:55 . Memory (MB): peak = 2008.133 ; gain = 371.172
---------------------------------------------------------------------------------
---------------------------------------------------------------------------------
Start Writing Synthesis Report
---------------------------------------------------------------------------------

DSP Final Report (the ' indicates corresponding REG is set)
+------------+--------------+--------+--------+--------+--------+--------+------+------+------+------+-------+------+------+
|Module Name | DSP Mapping  | A Size | B Size | C Size | D Size | P Size | AREG | BREG | CREG | DREG | ADREG | MREG | PREG | 
+------------+--------------+--------+--------+--------+--------+--------+------+------+------+------+-------+------+------+
|fir_1a1m    | A*B          | 17     | 15     | -      | -      | 48     | 0    | 0    | -    | -    | -     | 0    | 0    | 
|fir_1a1m    | A*B          | 17     | 17     | -      | -      | 48     | 0    | 0    | -    | -    | -     | 0    | 0    | 
|fir_1a1m    | PCIN>>17+A*B | 0      | 15     | -      | -      | 48     | 0    | 0    | -    | -    | -     | 0    | 0    | 
+------------+--------------+--------+--------+--------+--------+--------+------+------+------+------+-------+------+------+


Report BlackBoxes: 
+-+--------------+----------+
| |BlackBox name |Instances |
+-+--------------+----------+
+-+--------------+----------+

Report Cell Usage: 
+------+--------+------+
|      |Cell    |Count |
+------+--------+------+
|1     |BUFG    |     2|
|2     |CARRY4  |    32|
|3     |DSP48E1 |     3|
|4     |LUT1    |    13|
|5     |LUT2    |    49|
|6     |LUT3    |   986|
|7     |LUT4    |   130|
|8     |LUT5    |   176|
|9     |LUT6    |  1874|
|10    |MUXF7   |   672|
|11    |MUXF8   |   256|
|12    |FDCE    |  1234|
|13    |FDPE    |     1|
|14    |LDC     |     2|
|15    |IBUF    |   152|
|16    |OBUF    |   169|
+------+--------+------+
---------------------------------------------------------------------------------
Finished Writing Synthesis Report : Time (s): cpu = 00:00:54 ; elapsed = 00:00:55 . Memory (MB): peak = 2008.133 ; gain = 371.172
---------------------------------------------------------------------------------
Synthesis finished with 0 errors, 0 critical warnings and 12 warnings.
Synthesis Optimization Runtime : Time (s): cpu = 00:00:44 ; elapsed = 00:00:53 . Memory (MB): peak = 2008.133 ; gain = 300.797
Synthesis Optimization Complete : Time (s): cpu = 00:00:54 ; elapsed = 00:00:55 . Memory (MB): peak = 2008.133 ; gain = 371.172
INFO: [Project 1-571] Translating synthesized netlist
Netlist sorting complete. Time (s): cpu = 00:00:00 ; elapsed = 00:00:00.050 . Memory (MB): peak = 2008.133 ; gain = 0.000
INFO: [Netlist 29-17] Analyzing 965 Unisim elements for replacement
INFO: [Netlist 29-28] Unisim Transformation completed in 0 CPU seconds
WARNING: [Netlist 29-101] Netlist 'fir' is not ideal for floorplanning, since the cellview 'fir' contains a large number of primitives.  Please consider enabling hierarchy in synthesis if you want to do floorplanning.
INFO: [Project 1-570] Preparing netlist for logic optimization
INFO: [Opt 31-138] Pushed 0 inverter(s) to 0 load pin(s).
Netlist sorting complete. Time (s): cpu = 00:00:00 ; elapsed = 00:00:00 . Memory (MB): peak = 2008.133 ; gain = 0.000
INFO: [Project 1-111] Unisim Transformation Summary:
  A total of 2 instances were transformed.
  LDC => LDCE: 2 instances

Synth Design complete, checksum: 827e64c0
INFO: [Common 17-83] Releasing license: Synthesis
24 Infos, 34 Warnings, 0 Critical Warnings and 0 Errors encountered.
synth_design completed successfully
synth_design: Time (s): cpu = 00:00:59 ; elapsed = 00:01:01 . Memory (MB): peak = 2008.133 ; gain = 371.172
INFO: [Common 17-1381] The checkpoint 'C:/Users/Jian-You/Desktop/Alex_soc/Lab3/project_1/project_1.runs/synth_1/fir.dcp' has been generated.
INFO: [runtcl-4] Executing : report_utilization -file fir_utilization_synth.rpt -pb fir_utilization_synth.pb
INFO: [Common 17-206] Exiting Vivado at Wed Oct 18 16:34:48 2023...
